<?xml version="1.0" encoding="UTF-8"?>
<testsuite name="Test Suite"
           tests="5"
           failures="0"
           errors="0"
           skipped="0"
           time="30.306">
  <properties />
  
  
            <testcase name="TC01" time="1.311" classname="com.logigear.tests.LoginTest" />
                <testcase name="TC04" time="9.477" classname="com.logigear.tests.LoginTest" />
                <testcase name="TC03" time="16.659" classname="com.logigear.tests.LoginTest" />
                <testcase name="TC05" time="1.711" classname="com.logigear.tests.LoginTest" />
                <testcase name="TC02" time="1.148" classname="com.logigear.tests.LoginTest" />
      
</testsuite>
